<?xml version="1.0" encoding="UTF-8"?>
<!-- Generated by org.testng.reporters.JUnitReportReporter -->
<testsuite hostname="user" failures="0" tests="1" name="RunnerClass.TestRunner" time="23.625" errors="0" timestamp="02 Sep 2024 19:58:58 GMT" skipped="0">
  <testcase classname="RunnerClass.TestRunner" name="runScenario" time="23.625"/>
</testsuite> <!-- RunnerClass.TestRunner -->
