<?xml version="1.0" encoding="UTF-8"?>
<!-- Generated by org.testng.reporters.JUnitReportReporter -->
<testsuite hostname="user" failures="0" tests="2" name="pageObjectModel.Runner" time="32.633" errors="0" timestamp="02 Sep 2024 17:53:41 GMT" skipped="0">
  <testcase classname="pageObjectModel.Runner" name="testLongestFlightDurationDetails" time="12.528"/>
  <testcase classname="pageObjectModel.Runner" name="testCheapestFlightDetails" time="20.105"/>
</testsuite> <!-- pageObjectModel.Runner -->
