<?xml version="1.0" encoding="UTF-8"?>
<!-- Generated by org.testng.reporters.JUnitReportReporter -->
<testsuite hostname="user" failures="0" tests="6" name="flight.FlightTest" time="11.367" errors="0" timestamp="2024-09-01T21:39:09 EDT" skipped="0">
  <testcase classname="flight.FlightTest" name="testGetCheapestPrice" time="0.726"/>
  <system-out/>
  <testcase classname="flight.FlightTest" name="testGetLongestDuration" time="0.359"/>
  <system-out/>
  <testcase classname="flight.FlightTest" name="testGetLongestDuration" time="0.485"/>
  <system-out/>
  <testcase classname="flight.FlightTest" name="testGetLongestDuration" time="1.897"/>
  <system-out/>
  <testcase classname="flight.FlightTest" name="testGetCheapestPrice" time="7.330"/>
  <system-out/>
  <testcase classname="flight.FlightTest" name="testGetCheapestPrice" time="0.570"/>
  <system-out/>
</testsuite> <!-- flight.FlightTest -->
