<?xml version="1.0" encoding="UTF-8"?>
<!-- Generated by org.testng.reporters.JUnitReportReporter -->
<testsuite hostname="user" failures="0" tests="1" name="RunnerClass.TestRunner" time="14.418" errors="0" timestamp="02 Sep 2024 18:39:24 GMT" skipped="0">
  <testcase classname="RunnerClass.TestRunner" name="runScenario" time="14.418"/>
</testsuite> <!-- RunnerClass.TestRunner -->
